Base path: C:/Program Files/Unity/Hub/Editor/2019.1.0f2/Editor/Data
Cmd: initializeCompiler
Cmd: compileComputeKernel
  api=4 insize=7985 outsize=2105 ok=1
Cmd: compileComputeKernel
  api=4 insize=4264 outsize=1857 ok=1
Cmd: compileComputeKernel
  api=4 insize=10663 outsize=6201 ok=1
Cmd: compileComputeKernel
  api=4 insize=21333 outsize=2941 ok=1
Cmd: compileComputeKernel
  api=4 insize=21333 outsize=1621 ok=1
Cmd: compileComputeKernel
  api=4 insize=21333 outsize=1377 ok=1
Cmd: compileComputeKernel
  api=4 insize=21333 outsize=1773 ok=1
Cmd: compileComputeKernel
  api=4 insize=21333 outsize=1857 ok=1
Cmd: compileComputeKernel
  api=4 insize=14905 outsize=1257 ok=1
Cmd: compileComputeKernel
  api=4 insize=14905 outsize=1377 ok=1
Cmd: compileComputeKernel
  api=4 insize=14905 outsize=1281 ok=1

Quitting shader compiler process
